2019-04-14 11:02:08.448  INFO 1448 --- [Thread-29] o.s.s.concurrent.ThreadPoolTaskExecutor  : Shutting down ExecutorService 'applicationTaskExecutor'
2019-04-14 11:02:08.519  INFO 1448 --- [Thread-29] org.mongodb.driver.connection            : Closed connection [connectionId{localValue:2, serverValue:4}] to localhost:27019 because the pool has been closed.
2019-04-14 11:02:20.980  INFO 39077 --- [main] t.liuliyong.TreatmentServerApplication   : Starting TreatmentServerApplication on admindeMacBook-Pro-2.local with PID 39077 (/Users/admin/Final_Homework/Final_Homework/DocTool_program/java_website/treatment-server/web/target/classes started by admin in /Users/admin/Final_Homework/Final_Homework/DocTool_program/java_website/treatment-server)
2019-04-14 11:02:20.990  INFO 39077 --- [main] t.liuliyong.TreatmentServerApplication   : No active profile set, falling back to default profiles: default
2019-04-14 11:02:24.903  INFO 39077 --- [main] .s.d.r.c.RepositoryConfigurationDelegate : Multiple Spring Data modules found, entering strict repository configuration mode!
2019-04-14 11:02:24.905  INFO 39077 --- [main] .s.d.r.c.RepositoryConfigurationDelegate : Bootstrapping Spring Data repositories in DEFAULT mode.
2019-04-14 11:02:25.022  INFO 39077 --- [main] .s.d.r.c.RepositoryConfigurationDelegate : Finished Spring Data repository scanning in 97ms. Found 0 repository interfaces.
2019-04-14 11:02:25.084  INFO 39077 --- [main] .s.d.r.c.RepositoryConfigurationDelegate : Multiple Spring Data modules found, entering strict repository configuration mode!
2019-04-14 11:02:25.089  INFO 39077 --- [main] .s.d.r.c.RepositoryConfigurationDelegate : Bootstrapping Spring Data repositories in DEFAULT mode.
2019-04-14 11:02:25.140  INFO 39077 --- [main] .s.d.r.c.RepositoryConfigurationDelegate : Finished Spring Data repository scanning in 11ms. Found 0 repository interfaces.
2019-04-14 11:02:26.130  INFO 39077 --- [main] trationDelegate$BeanPostProcessorChecker : Bean 'org.springframework.transaction.annotation.ProxyTransactionManagementConfiguration' of type [org.springframework.transaction.annotation.ProxyTransactionManagementConfiguration$$EnhancerBySpringCGLIB$$c3fad364] is not eligible for getting processed by all BeanPostProcessors (for example: not eligible for auto-proxying)
2019-04-14 11:02:26.737  INFO 39077 --- [main] o.s.b.w.embedded.tomcat.TomcatWebServer  : Tomcat initialized with port(s): 8081 (http)
2019-04-14 11:02:26.790  INFO 39077 --- [main] o.apache.catalina.core.StandardService   : Starting service [Tomcat]
2019-04-14 11:02:26.791  INFO 39077 --- [main] org.apache.catalina.core.StandardEngine  : Starting Servlet Engine: Apache Tomcat/8.5.37
2019-04-14 11:02:26.806  INFO 39077 --- [localhost-startStop-1] o.a.catalina.core.AprLifecycleListener   : The APR based Apache Tomcat Native library which allows optimal performance in production environments was not found on the java.library.path: [/Users/admin/Library/Java/Extensions:/Library/Java/Extensions:/Network/Library/Java/Extensions:/System/Library/Java/Extensions:/usr/lib/java:.]
2019-04-14 11:02:27.114  INFO 39077 --- [localhost-startStop-1] o.a.c.c.C.[Tomcat].[localhost].[/]       : Initializing Spring embedded WebApplicationContext
2019-04-14 11:02:27.116  INFO 39077 --- [localhost-startStop-1] o.s.web.context.ContextLoader            : Root WebApplicationContext: initialization completed in 5746 ms
2019-04-14 11:02:28.467  INFO 39077 --- [main] org.mongodb.driver.cluster               : Cluster created with settings {hosts=[localhost:27019], mode=SINGLE, requiredClusterType=UNKNOWN, serverSelectionTimeout='30000 ms', maxWaitQueueSize=500}
2019-04-14 11:02:28.643  INFO 39077 --- [cluster-ClusterId{value='5cb2a2c45f3f6b98a5c2f762', description='null'}-localhost:27019] org.mongodb.driver.connection            : Opened connection [connectionId{localValue:1, serverValue:9}] to localhost:27019
2019-04-14 11:02:28.651  INFO 39077 --- [cluster-ClusterId{value='5cb2a2c45f3f6b98a5c2f762', description='null'}-localhost:27019] org.mongodb.driver.cluster               : Monitor thread successfully connected to server with description ServerDescription{address=localhost:27019, type=STANDALONE, state=CONNECTED, ok=true, version=ServerVersion{versionList=[4, 1, 9]}, minWireVersion=0, maxWireVersion=8, maxDocumentSize=16777216, logicalSessionTimeoutMinutes=30, roundTripTimeNanos=5338798}
2019-04-14 11:02:29.461  INFO 39077 --- [main] org.mongodb.driver.connection            : Opened connection [connectionId{localValue:2, serverValue:10}] to localhost:27019
2019-04-14 11:02:31.143  INFO 39077 --- [main] pertySourcedRequestMappingHandlerMapping : Mapped URL path [/v2/api-docs] onto method [public org.springframework.http.ResponseEntity<springfox.documentation.spring.web.json.Json> springfox.documentation.swagger2.web.Swagger2Controller.getDocumentation(java.lang.String,javax.servlet.http.HttpServletRequest)]
2019-04-14 11:02:31.906  INFO 39077 --- [main] o.s.s.concurrent.ThreadPoolTaskExecutor  : Initializing ExecutorService 'applicationTaskExecutor'
2019-04-14 11:02:34.199  INFO 39077 --- [main] d.s.w.p.DocumentationPluginsBootstrapper : Context refreshed
2019-04-14 11:02:34.334  INFO 39077 --- [main] d.s.w.p.DocumentationPluginsBootstrapper : Found 1 custom documentation plugin(s)
2019-04-14 11:02:34.582  INFO 39077 --- [main] s.d.s.w.s.ApiListingReferenceScanner     : Scanning for api listing references
2019-04-14 11:02:34.967  INFO 39077 --- [main] o.s.b.w.embedded.tomcat.TomcatWebServer  : Tomcat started on port(s): 8081 (http) with context path ''
2019-04-14 11:02:34.986  INFO 39077 --- [main] t.liuliyong.TreatmentServerApplication   : Started TreatmentServerApplication in 15.936 seconds (JVM running for 18.87)
